[debug] [2024-11-14T14:29:22.147Z] ----------------------------------------------------------------------
[debug] [2024-11-14T14:29:22.150Z] Command:       C:\Program Files\nodejs\node.exe C:\Users\jhernandez\AppData\Roaming\npm\node_modules\firebase-tools\lib\bin\firebase.js hosting:channel:deploy bodayurliss
[debug] [2024-11-14T14:29:22.150Z] CLI Version:   13.25.0
[debug] [2024-11-14T14:29:22.150Z] Platform:      win32
[debug] [2024-11-14T14:29:22.150Z] Node Version:  v20.16.0
[debug] [2024-11-14T14:29:22.150Z] Time:          Thu Nov 14 2024 08:29:22 GMT-0600 (Central Standard Time)
[debug] [2024-11-14T14:29:22.151Z] ----------------------------------------------------------------------
[debug] 
[debug] [2024-11-14T14:29:22.233Z] > command requires scopes: ["email","openid","https://www.googleapis.com/auth/cloudplatformprojects.readonly","https://www.googleapis.com/auth/firebase","https://www.googleapis.com/auth/cloud-platform"]
[debug] [2024-11-14T14:29:22.234Z] > authorizing via signed-in user (jeffryha@gmail.com)
[debug] [2024-11-14T14:29:22.234Z] [iam] checking project bodayurliss for permissions ["firebase.projects.get","firebasehosting.sites.update"]
[debug] [2024-11-14T14:29:22.235Z] Checked if tokens are valid: false, expires at: 1731545402945
[debug] [2024-11-14T14:29:22.235Z] Checked if tokens are valid: false, expires at: 1731545402945
[debug] [2024-11-14T14:29:22.236Z] > refreshing access token with scopes: []
[debug] [2024-11-14T14:29:22.237Z] >>> [apiv2][query] POST https://www.googleapis.com/oauth2/v3/token [none]
[debug] [2024-11-14T14:29:22.237Z] >>> [apiv2][body] POST https://www.googleapis.com/oauth2/v3/token [omitted]
[debug] [2024-11-14T14:29:22.613Z] <<< [apiv2][status] POST https://www.googleapis.com/oauth2/v3/token 200
[debug] [2024-11-14T14:29:22.613Z] <<< [apiv2][body] POST https://www.googleapis.com/oauth2/v3/token [omitted]
[debug] [2024-11-14T14:29:22.620Z] >>> [apiv2][query] POST https://cloudresourcemanager.googleapis.com/v1/projects/bodayurliss:testIamPermissions [none]
[debug] [2024-11-14T14:29:22.620Z] >>> [apiv2][(partial)header] POST https://cloudresourcemanager.googleapis.com/v1/projects/bodayurliss:testIamPermissions x-goog-quota-user=projects/bodayurliss
[debug] [2024-11-14T14:29:22.620Z] >>> [apiv2][body] POST https://cloudresourcemanager.googleapis.com/v1/projects/bodayurliss:testIamPermissions {"permissions":["firebase.projects.get","firebasehosting.sites.update"]}
[debug] [2024-11-14T14:29:23.009Z] <<< [apiv2][status] POST https://cloudresourcemanager.googleapis.com/v1/projects/bodayurliss:testIamPermissions 200
[debug] [2024-11-14T14:29:23.009Z] <<< [apiv2][body] POST https://cloudresourcemanager.googleapis.com/v1/projects/bodayurliss:testIamPermissions {"permissions":["firebase.projects.get","firebasehosting.sites.update"]}
[debug] [2024-11-14T14:29:23.009Z] Checked if tokens are valid: true, expires at: 1731598161613
[debug] [2024-11-14T14:29:23.009Z] Checked if tokens are valid: true, expires at: 1731598161613
[debug] [2024-11-14T14:29:23.010Z] >>> [apiv2][query] GET https://firebase.googleapis.com/v1beta1/projects/bodayurliss [none]
[debug] [2024-11-14T14:29:23.578Z] <<< [apiv2][status] GET https://firebase.googleapis.com/v1beta1/projects/bodayurliss 200
[debug] [2024-11-14T14:29:23.578Z] <<< [apiv2][body] GET https://firebase.googleapis.com/v1beta1/projects/bodayurliss {"projectId":"bodayurliss","projectNumber":"1064151455569","displayName":"BodaYurLiss","name":"projects/bodayurliss","resources":{"hostingSite":"bodayurliss"},"state":"ACTIVE","etag":"1_d9f20645-c489-4041-8f33-73c868034602"}
[debug] [2024-11-14T14:29:23.582Z] Checked if tokens are valid: true, expires at: 1731598161613
[debug] [2024-11-14T14:29:23.582Z] Checked if tokens are valid: true, expires at: 1731598161613
[debug] [2024-11-14T14:29:23.583Z] >>> [apiv2][query] GET https://firebasehosting.googleapis.com/v1beta1/projects/bodayurliss/sites/bodayurliss/channels/bodayurliss [none]
[debug] [2024-11-14T14:29:24.322Z] <<< [apiv2][status] GET https://firebasehosting.googleapis.com/v1beta1/projects/bodayurliss/sites/bodayurliss/channels/bodayurliss 200
[debug] [2024-11-14T14:29:24.323Z] <<< [apiv2][body] GET https://firebasehosting.googleapis.com/v1beta1/projects/bodayurliss/sites/bodayurliss/channels/bodayurliss {"name":"projects/bodayurliss/sites/bodayurliss/channels/bodayurliss","url":"https://bodayurliss--bodayurliss-79iubon2.web.app","release":{"name":"projects/bodayurliss/sites/bodayurliss/channels/bodayurliss/releases/1731541944467000","version":{"name":"projects/bodayurliss/sites/bodayurliss/versions/89cf54bc0880755f","status":"FINALIZED","config":{"rewrites":[{"glob":"**","path":"/index.html"}]},"labels":{"deployment-tool":"cli-firebase"},"createTime":"2024-11-13T23:52:24.040517Z","createUser":{"email":"jeffryha@gmail.com"},"finalizeTime":"2024-11-13T23:52:24.753949Z","finalizeUser":{"email":"jeffryha@gmail.com"},"fileCount":"20","versionBytes":"216100"},"type":"DEPLOY","releaseTime":"2024-11-13T23:52:24.467Z","releaseUser":{"email":"jeffryha@gmail.com"}},"createTime":"2024-11-13T22:52:42.231081972Z","updateTime":"2024-11-13T23:52:24.467Z","retainedReleaseCount":10,"expireTime":"2024-11-20T23:52:23.744327095Z"}
[debug] [2024-11-14T14:29:24.323Z] [hosting] found existing channel for site bodayurliss {"name":"projects/bodayurliss/sites/bodayurliss/channels/bodayurliss","url":"https://bodayurliss--bodayurliss-79iubon2.web.app","release":{"name":"projects/bodayurliss/sites/bodayurliss/channels/bodayurliss/releases/1731541944467000","version":{"name":"projects/bodayurliss/sites/bodayurliss/versions/89cf54bc0880755f","status":"FINALIZED","config":{"rewrites":[{"glob":"**","path":"/index.html"}]},"labels":{"deployment-tool":"cli-firebase"},"createTime":"2024-11-13T23:52:24.040517Z","createUser":{"email":"jeffryha@gmail.com"},"finalizeTime":"2024-11-13T23:52:24.753949Z","finalizeUser":{"email":"jeffryha@gmail.com"},"fileCount":"20","versionBytes":"216100"},"type":"DEPLOY","releaseTime":"2024-11-13T23:52:24.467Z","releaseUser":{"email":"jeffryha@gmail.com"}},"createTime":"2024-11-13T22:52:42.231081972Z","updateTime":"2024-11-13T23:52:24.467Z","retainedReleaseCount":10,"expireTime":"2024-11-20T23:52:23.744327095Z"}
[debug] [2024-11-14T14:29:24.324Z] Checked if tokens are valid: true, expires at: 1731598161613
[debug] [2024-11-14T14:29:24.324Z] Checked if tokens are valid: true, expires at: 1731598161613
[debug] [2024-11-14T14:29:24.325Z] >>> [apiv2][query] PATCH https://firebasehosting.googleapis.com/v1beta1/projects/bodayurliss/sites/bodayurliss/channels/bodayurliss updateMask=ttl
[debug] [2024-11-14T14:29:24.325Z] >>> [apiv2][body] PATCH https://firebasehosting.googleapis.com/v1beta1/projects/bodayurliss/sites/bodayurliss/channels/bodayurliss {"ttl":"604800s"}
[debug] [2024-11-14T14:29:24.770Z] <<< [apiv2][status] PATCH https://firebasehosting.googleapis.com/v1beta1/projects/bodayurliss/sites/bodayurliss/channels/bodayurliss 200
[debug] [2024-11-14T14:29:24.771Z] <<< [apiv2][body] PATCH https://firebasehosting.googleapis.com/v1beta1/projects/bodayurliss/sites/bodayurliss/channels/bodayurliss {"name":"projects/bodayurliss/sites/bodayurliss/channels/bodayurliss","url":"https://bodayurliss--bodayurliss-79iubon2.web.app","release":{"name":"projects/bodayurliss/sites/bodayurliss/channels/bodayurliss/releases/1731541944467000","version":{"name":"projects/bodayurliss/sites/bodayurliss/versions/89cf54bc0880755f","status":"FINALIZED","config":{"rewrites":[{"glob":"**","path":"/index.html"}]},"labels":{"deployment-tool":"cli-firebase"},"createTime":"2024-11-13T23:52:24.040517Z","createUser":{"email":"jeffryha@gmail.com"},"finalizeTime":"2024-11-13T23:52:24.753949Z","finalizeUser":{"email":"jeffryha@gmail.com"},"fileCount":"20","versionBytes":"216100"},"type":"DEPLOY","releaseTime":"2024-11-13T23:52:24.467Z","releaseUser":{"email":"jeffryha@gmail.com"}},"createTime":"2024-11-13T22:52:42.231081972Z","updateTime":"2024-11-14T14:29:24.670999771Z","retainedReleaseCount":10,"expireTime":"2024-11-21T14:29:24.670999771Z"}
[debug] [2024-11-14T14:29:24.771Z] [hosting] updated TTL for existing channel for site bodayurliss {"name":"projects/bodayurliss/sites/bodayurliss/channels/bodayurliss","url":"https://bodayurliss--bodayurliss-79iubon2.web.app","release":{"name":"projects/bodayurliss/sites/bodayurliss/channels/bodayurliss/releases/1731541944467000","version":{"name":"projects/bodayurliss/sites/bodayurliss/versions/89cf54bc0880755f","status":"FINALIZED","config":{"rewrites":[{"glob":"**","path":"/index.html"}]},"labels":{"deployment-tool":"cli-firebase"},"createTime":"2024-11-13T23:52:24.040517Z","createUser":{"email":"jeffryha@gmail.com"},"finalizeTime":"2024-11-13T23:52:24.753949Z","finalizeUser":{"email":"jeffryha@gmail.com"},"fileCount":"20","versionBytes":"216100"},"type":"DEPLOY","releaseTime":"2024-11-13T23:52:24.467Z","releaseUser":{"email":"jeffryha@gmail.com"}},"createTime":"2024-11-13T22:52:42.231081972Z","updateTime":"2024-11-14T14:29:24.670999771Z","retainedReleaseCount":10,"expireTime":"2024-11-21T14:29:24.670999771Z"}
[info] 
[info] === Deploying to 'bodayurliss'...
[info] 
[info] i  deploying hosting 
[debug] [2024-11-14T14:29:24.780Z] Checked if tokens are valid: true, expires at: 1731598161613
[debug] [2024-11-14T14:29:24.780Z] Checked if tokens are valid: true, expires at: 1731598161613
[debug] [2024-11-14T14:29:24.780Z] >>> [apiv2][query] POST https://firebasehosting.googleapis.com/v1beta1/projects/-/sites/bodayurliss/versions [none]
[debug] [2024-11-14T14:29:24.780Z] >>> [apiv2][body] POST https://firebasehosting.googleapis.com/v1beta1/projects/-/sites/bodayurliss/versions {"status":"CREATED","labels":{"deployment-tool":"cli-firebase"}}
[debug] [2024-11-14T14:29:25.768Z] <<< [apiv2][status] POST https://firebasehosting.googleapis.com/v1beta1/projects/-/sites/bodayurliss/versions 200
[debug] [2024-11-14T14:29:25.768Z] <<< [apiv2][body] POST https://firebasehosting.googleapis.com/v1beta1/projects/-/sites/bodayurliss/versions {"name":"projects/1064151455569/sites/bodayurliss/versions/bbffefcd3866229e","status":"CREATED","config":{},"labels":{"deployment-tool":"cli-firebase"}}
[info] i  hosting[bodayurliss]: beginning deploy... 
[info] i  hosting[bodayurliss]: found 26 files in ./dist/boda-yur-liss 
[debug] [2024-11-14T14:29:25.789Z] [hosting] uploading with 200 concurrency
[debug] [2024-11-14T14:29:25.790Z] [hosting] hash cache [ZGlzdFxib2RhLXl1ci1saXNz] not populated
[debug] [2024-11-14T14:29:25.888Z] Checked if tokens are valid: true, expires at: 1731598161613
[debug] [2024-11-14T14:29:25.888Z] Checked if tokens are valid: true, expires at: 1731598161613
[debug] [2024-11-14T14:29:25.889Z] [hosting] hash cache [ZGlzdFxib2RhLXl1ci1saXNz] stored for 26 files
[debug] [2024-11-14T14:29:25.890Z] [hosting][hash queue][FINAL] {"max":94,"min":18,"avg":34.76923076923077,"active":0,"complete":26,"success":26,"errored":0,"retried":0,"total":26,"elapsed":98}
[debug] [2024-11-14T14:29:25.890Z] >>> [apiv2][query] POST https://firebasehosting.googleapis.com/v1beta1/projects/1064151455569/sites/bodayurliss/versions/bbffefcd3866229e:populateFiles [none]
[debug] [2024-11-14T14:29:25.891Z] >>> [apiv2][body] POST https://firebasehosting.googleapis.com/v1beta1/projects/1064151455569/sites/bodayurliss/versions/bbffefcd3866229e:populateFiles {"files":{"/prerendered-routes.json":"cb14eb5de0e46f3bcc4ccd41927bb4a09e2b90741f49a58b7f464db001c14dca","/server/index.server.html":"f0d815b96664383c769c4f914e4bf1e3e47ca2359273487604de17fd4710361e","/server/main.server.mjs":"80c5495f5e9d54f1a26249b69e082eae6af3df152bc898186c34c3cf059e2587","/server/render-utils.server.mjs":"1ecbb1f6821340fcec765830bec1093551e4e653395d147e58793fc3cf258907","/server/chunk-VYRYDOHY.mjs":"0074deb851897872a00bee5be95133095388f1e53794fb359025726fbd602dd7","/server/chunk-EXD34EPT.mjs":"34455392d64ee02bab93a527e93435dc28af65c68fc52c2bf2f527bf7cce38a1","/server/chunk-KB5IWD3E.mjs":"3cbc705c85c7215b3d856529c8d97f24fd94814454984330061faa06a61b616d","/server/chunk-3MG6TWB5.mjs":"e3939d54a68e9c984c612bdd04b66852cc6d6fe04625e337fbbe73bb7f394669","/browser/chunk-YHMA675M.js":"dd0a4bd4a45a18a22f02a9fbbd0b2ce1110b6ef6552eb3fbf86826325402b05d","/browser/polyfills-FFHMD2TL.js":"736494ba509ebe13a13ff57f0d4921ecfd9eb2ac4e8efe5d5fc1704b4b1d9b35","/browser/index.csr.html":"8d876a89fac3b82df0df1b6ad49e1dbfb2e9fc6047f8a0dc1391ce5522813f47","/browser/inicio/index.html":"f2e78cd4b2031bd34bf0ac8fab05d44e93387330e77b42f04e0aeaa0e28b5626","/3rdpartylicenses.txt":"0686b41e9e8be4fe4ea4d9cf0b56df05ac66ea43052ec24179aa826a80d2abee","/browser/media/Cathalia-ZV7GDMRI.ttf":"da06a1f929518979927a53a6ea45e78d946b95831f5d1cf742e8bd31a578e137","/browser/chunk-2H3JM7TV.js":"23d875bb98d932b8a5e6b0972104a6d402dff5342a608f92acfff7366e06f2e1","/browser/scripts-SODCSRAA.js":"76d824cb4ba2d0497a5f1d15cda2c9f94f02af94418dd9737d792b8b57c3b52a","/browser/media/Garet-Book-LKD7742O.otf":"e803c40ff1e4836eba159081c9df590f5bbbe620389aabe007d4369f2255fe99","/server/polyfills.server.mjs":"ad821910e5f093d50a19d8b8171cac716a00bdda5590fb4a2a2715cdfa6f8964","/browser/media/bootstrap-icons-X6UQXWUS.woff2":"879cf866c96ed8051a14c648591e2fc62317af233f7aed26a8414d59b7592fbf","/browser/media/bootstrap-icons-OCU552PF.woff":"4e9185f13d76ee28a94f3890511b8bdfd92fcec93f459b5f2a6c9c80e1a6e18c","/browser/styles-BNZVKEXD.css":"f9a1e31c837103fc342c5d0a7e254aeafa0a07e14fa315c3f0ad43ff5b29e909","/server/chunk-LV34TUQ6.mjs":"8bdf004ef3b8b5051311fbf68266f92f94d295a4ebc866f4fc9f90c6447d60c7","/server/chunk-4OCV2YXP.mjs":"fe7b4a58ec480a88c8f81b737e39dcca1f20482e0fee1c58a92a2fe90e0995e3","/browser/main-Z7UUBLUI.js":"bba0cd5c7a8e17104ee022258695262043f3dd2fffe939019de6503721e2dcdf","/server/chunk-4PI73IYY.mjs":"8919fbb7195b413b2fa9c781f9864d5f44b389d533b67d0d3bbf6b2d47461565","/server/server.mjs":"de4606ed0d739dbc4664e4d6cd3fbd3635e3b05d0f93a4173cc1e5fd4959cbf7"}}
[debug] [2024-11-14T14:29:26.299Z] <<< [apiv2][status] POST https://firebasehosting.googleapis.com/v1beta1/projects/1064151455569/sites/bodayurliss/versions/bbffefcd3866229e:populateFiles 200
[debug] [2024-11-14T14:29:26.299Z] <<< [apiv2][body] POST https://firebasehosting.googleapis.com/v1beta1/projects/1064151455569/sites/bodayurliss/versions/bbffefcd3866229e:populateFiles {"uploadRequiredHashes":["f2e78cd4b2031bd34bf0ac8fab05d44e93387330e77b42f04e0aeaa0e28b5626","3cbc705c85c7215b3d856529c8d97f24fd94814454984330061faa06a61b616d","76d824cb4ba2d0497a5f1d15cda2c9f94f02af94418dd9737d792b8b57c3b52a","f0d815b96664383c769c4f914e4bf1e3e47ca2359273487604de17fd4710361e","0686b41e9e8be4fe4ea4d9cf0b56df05ac66ea43052ec24179aa826a80d2abee","879cf866c96ed8051a14c648591e2fc62317af233f7aed26a8414d59b7592fbf","80c5495f5e9d54f1a26249b69e082eae6af3df152bc898186c34c3cf059e2587","8d876a89fac3b82df0df1b6ad49e1dbfb2e9fc6047f8a0dc1391ce5522813f47","cb14eb5de0e46f3bcc4ccd41927bb4a09e2b90741f49a58b7f464db001c14dca","dd0a4bd4a45a18a22f02a9fbbd0b2ce1110b6ef6552eb3fbf86826325402b05d","736494ba509ebe13a13ff57f0d4921ecfd9eb2ac4e8efe5d5fc1704b4b1d9b35","8bdf004ef3b8b5051311fbf68266f92f94d295a4ebc866f4fc9f90c6447d60c7","4e9185f13d76ee28a94f3890511b8bdfd92fcec93f459b5f2a6c9c80e1a6e18c","e3939d54a68e9c984c612bdd04b66852cc6d6fe04625e337fbbe73bb7f394669","34455392d64ee02bab93a527e93435dc28af65c68fc52c2bf2f527bf7cce38a1","f9a1e31c837103fc342c5d0a7e254aeafa0a07e14fa315c3f0ad43ff5b29e909","fe7b4a58ec480a88c8f81b737e39dcca1f20482e0fee1c58a92a2fe90e0995e3","0074deb851897872a00bee5be95133095388f1e53794fb359025726fbd602dd7","23d875bb98d932b8a5e6b0972104a6d402dff5342a608f92acfff7366e06f2e1","ad821910e5f093d50a19d8b8171cac716a00bdda5590fb4a2a2715cdfa6f8964","de4606ed0d739dbc4664e4d6cd3fbd3635e3b05d0f93a4173cc1e5fd4959cbf7","bba0cd5c7a8e17104ee022258695262043f3dd2fffe939019de6503721e2dcdf","8919fbb7195b413b2fa9c781f9864d5f44b389d533b67d0d3bbf6b2d47461565","1ecbb1f6821340fcec765830bec1093551e4e653395d147e58793fc3cf258907"],"uploadUrl":"https://upload-firebasehosting.googleapis.com/upload/sites/bodayurliss/versions/bbffefcd3866229e/files"}
[debug] [2024-11-14T14:29:26.300Z] Checked if tokens are valid: true, expires at: 1731598161613
[debug] [2024-11-14T14:29:26.300Z] Checked if tokens are valid: true, expires at: 1731598161613
[debug] [2024-11-14T14:29:26.300Z] Checked if tokens are valid: true, expires at: 1731598161613
[debug] [2024-11-14T14:29:26.300Z] Checked if tokens are valid: true, expires at: 1731598161613
[debug] [2024-11-14T14:29:26.300Z] Checked if tokens are valid: true, expires at: 1731598161613
[debug] [2024-11-14T14:29:26.300Z] Checked if tokens are valid: true, expires at: 1731598161613
[debug] [2024-11-14T14:29:26.301Z] Checked if tokens are valid: true, expires at: 1731598161613
[debug] [2024-11-14T14:29:26.301Z] Checked if tokens are valid: true, expires at: 1731598161613
[debug] [2024-11-14T14:29:26.301Z] Checked if tokens are valid: true, expires at: 1731598161613
[debug] [2024-11-14T14:29:26.301Z] Checked if tokens are valid: true, expires at: 1731598161613
[debug] [2024-11-14T14:29:26.301Z] Checked if tokens are valid: true, expires at: 1731598161613
[debug] [2024-11-14T14:29:26.301Z] Checked if tokens are valid: true, expires at: 1731598161613
[debug] [2024-11-14T14:29:26.301Z] Checked if tokens are valid: true, expires at: 1731598161613
[debug] [2024-11-14T14:29:26.301Z] Checked if tokens are valid: true, expires at: 1731598161613
[debug] [2024-11-14T14:29:26.302Z] Checked if tokens are valid: true, expires at: 1731598161613
[debug] [2024-11-14T14:29:26.302Z] Checked if tokens are valid: true, expires at: 1731598161613
[debug] [2024-11-14T14:29:26.302Z] Checked if tokens are valid: true, expires at: 1731598161613
[debug] [2024-11-14T14:29:26.302Z] Checked if tokens are valid: true, expires at: 1731598161613
[debug] [2024-11-14T14:29:26.302Z] Checked if tokens are valid: true, expires at: 1731598161613
[debug] [2024-11-14T14:29:26.302Z] Checked if tokens are valid: true, expires at: 1731598161613
[debug] [2024-11-14T14:29:26.302Z] Checked if tokens are valid: true, expires at: 1731598161613
[debug] [2024-11-14T14:29:26.302Z] Checked if tokens are valid: true, expires at: 1731598161613
[debug] [2024-11-14T14:29:26.302Z] Checked if tokens are valid: true, expires at: 1731598161613
[debug] [2024-11-14T14:29:26.303Z] Checked if tokens are valid: true, expires at: 1731598161613
[debug] [2024-11-14T14:29:26.303Z] Checked if tokens are valid: true, expires at: 1731598161613
[debug] [2024-11-14T14:29:26.303Z] Checked if tokens are valid: true, expires at: 1731598161613
[debug] [2024-11-14T14:29:26.303Z] Checked if tokens are valid: true, expires at: 1731598161613
[debug] [2024-11-14T14:29:26.303Z] Checked if tokens are valid: true, expires at: 1731598161613
[debug] [2024-11-14T14:29:26.303Z] Checked if tokens are valid: true, expires at: 1731598161613
[debug] [2024-11-14T14:29:26.303Z] Checked if tokens are valid: true, expires at: 1731598161613
[debug] [2024-11-14T14:29:26.303Z] Checked if tokens are valid: true, expires at: 1731598161613
[debug] [2024-11-14T14:29:26.303Z] Checked if tokens are valid: true, expires at: 1731598161613
[debug] [2024-11-14T14:29:26.303Z] Checked if tokens are valid: true, expires at: 1731598161613
[debug] [2024-11-14T14:29:26.303Z] Checked if tokens are valid: true, expires at: 1731598161613
[debug] [2024-11-14T14:29:26.303Z] Checked if tokens are valid: true, expires at: 1731598161613
[debug] [2024-11-14T14:29:26.303Z] Checked if tokens are valid: true, expires at: 1731598161613
[debug] [2024-11-14T14:29:26.304Z] Checked if tokens are valid: true, expires at: 1731598161613
[debug] [2024-11-14T14:29:26.304Z] Checked if tokens are valid: true, expires at: 1731598161613
[debug] [2024-11-14T14:29:26.304Z] Checked if tokens are valid: true, expires at: 1731598161613
[debug] [2024-11-14T14:29:26.304Z] Checked if tokens are valid: true, expires at: 1731598161613
[debug] [2024-11-14T14:29:26.304Z] Checked if tokens are valid: true, expires at: 1731598161613
[debug] [2024-11-14T14:29:26.304Z] Checked if tokens are valid: true, expires at: 1731598161613
[debug] [2024-11-14T14:29:26.304Z] Checked if tokens are valid: true, expires at: 1731598161613
[debug] [2024-11-14T14:29:26.304Z] Checked if tokens are valid: true, expires at: 1731598161613
[debug] [2024-11-14T14:29:26.304Z] Checked if tokens are valid: true, expires at: 1731598161613
[debug] [2024-11-14T14:29:26.304Z] Checked if tokens are valid: true, expires at: 1731598161613
[debug] [2024-11-14T14:29:26.304Z] Checked if tokens are valid: true, expires at: 1731598161613
[debug] [2024-11-14T14:29:26.304Z] Checked if tokens are valid: true, expires at: 1731598161613
[debug] [2024-11-14T14:29:26.304Z] >>> [apiv2][query] POST https://upload-firebasehosting.googleapis.com/upload/sites/bodayurliss/versions/bbffefcd3866229e/files/f2e78cd4b2031bd34bf0ac8fab05d44e93387330e77b42f04e0aeaa0e28b5626 [none]
[debug] [2024-11-14T14:29:26.304Z] >>> [apiv2][body] POST https://upload-firebasehosting.googleapis.com/upload/sites/bodayurliss/versions/bbffefcd3866229e/files/f2e78cd4b2031bd34bf0ac8fab05d44e93387330e77b42f04e0aeaa0e28b5626 [stream]
[debug] [2024-11-14T14:29:26.306Z] >>> [apiv2][query] POST https://upload-firebasehosting.googleapis.com/upload/sites/bodayurliss/versions/bbffefcd3866229e/files/3cbc705c85c7215b3d856529c8d97f24fd94814454984330061faa06a61b616d [none]
[debug] [2024-11-14T14:29:26.306Z] >>> [apiv2][body] POST https://upload-firebasehosting.googleapis.com/upload/sites/bodayurliss/versions/bbffefcd3866229e/files/3cbc705c85c7215b3d856529c8d97f24fd94814454984330061faa06a61b616d [stream]
[debug] [2024-11-14T14:29:26.307Z] >>> [apiv2][query] POST https://upload-firebasehosting.googleapis.com/upload/sites/bodayurliss/versions/bbffefcd3866229e/files/76d824cb4ba2d0497a5f1d15cda2c9f94f02af94418dd9737d792b8b57c3b52a [none]
[debug] [2024-11-14T14:29:26.307Z] >>> [apiv2][body] POST https://upload-firebasehosting.googleapis.com/upload/sites/bodayurliss/versions/bbffefcd3866229e/files/76d824cb4ba2d0497a5f1d15cda2c9f94f02af94418dd9737d792b8b57c3b52a [stream]
[debug] [2024-11-14T14:29:26.308Z] >>> [apiv2][query] POST https://upload-firebasehosting.googleapis.com/upload/sites/bodayurliss/versions/bbffefcd3866229e/files/f0d815b96664383c769c4f914e4bf1e3e47ca2359273487604de17fd4710361e [none]
[debug] [2024-11-14T14:29:26.308Z] >>> [apiv2][body] POST https://upload-firebasehosting.googleapis.com/upload/sites/bodayurliss/versions/bbffefcd3866229e/files/f0d815b96664383c769c4f914e4bf1e3e47ca2359273487604de17fd4710361e [stream]
[debug] [2024-11-14T14:29:26.308Z] >>> [apiv2][query] POST https://upload-firebasehosting.googleapis.com/upload/sites/bodayurliss/versions/bbffefcd3866229e/files/0686b41e9e8be4fe4ea4d9cf0b56df05ac66ea43052ec24179aa826a80d2abee [none]
[debug] [2024-11-14T14:29:26.308Z] >>> [apiv2][body] POST https://upload-firebasehosting.googleapis.com/upload/sites/bodayurliss/versions/bbffefcd3866229e/files/0686b41e9e8be4fe4ea4d9cf0b56df05ac66ea43052ec24179aa826a80d2abee [stream]
[debug] [2024-11-14T14:29:26.309Z] >>> [apiv2][query] POST https://upload-firebasehosting.googleapis.com/upload/sites/bodayurliss/versions/bbffefcd3866229e/files/879cf866c96ed8051a14c648591e2fc62317af233f7aed26a8414d59b7592fbf [none]
[debug] [2024-11-14T14:29:26.309Z] >>> [apiv2][body] POST https://upload-firebasehosting.googleapis.com/upload/sites/bodayurliss/versions/bbffefcd3866229e/files/879cf866c96ed8051a14c648591e2fc62317af233f7aed26a8414d59b7592fbf [stream]
[debug] [2024-11-14T14:29:26.310Z] >>> [apiv2][query] POST https://upload-firebasehosting.googleapis.com/upload/sites/bodayurliss/versions/bbffefcd3866229e/files/80c5495f5e9d54f1a26249b69e082eae6af3df152bc898186c34c3cf059e2587 [none]
[debug] [2024-11-14T14:29:26.310Z] >>> [apiv2][body] POST https://upload-firebasehosting.googleapis.com/upload/sites/bodayurliss/versions/bbffefcd3866229e/files/80c5495f5e9d54f1a26249b69e082eae6af3df152bc898186c34c3cf059e2587 [stream]
[debug] [2024-11-14T14:29:26.311Z] >>> [apiv2][query] POST https://upload-firebasehosting.googleapis.com/upload/sites/bodayurliss/versions/bbffefcd3866229e/files/8d876a89fac3b82df0df1b6ad49e1dbfb2e9fc6047f8a0dc1391ce5522813f47 [none]
[debug] [2024-11-14T14:29:26.311Z] >>> [apiv2][body] POST https://upload-firebasehosting.googleapis.com/upload/sites/bodayurliss/versions/bbffefcd3866229e/files/8d876a89fac3b82df0df1b6ad49e1dbfb2e9fc6047f8a0dc1391ce5522813f47 [stream]
[debug] [2024-11-14T14:29:26.311Z] >>> [apiv2][query] POST https://upload-firebasehosting.googleapis.com/upload/sites/bodayurliss/versions/bbffefcd3866229e/files/cb14eb5de0e46f3bcc4ccd41927bb4a09e2b90741f49a58b7f464db001c14dca [none]
[debug] [2024-11-14T14:29:26.311Z] >>> [apiv2][body] POST https://upload-firebasehosting.googleapis.com/upload/sites/bodayurliss/versions/bbffefcd3866229e/files/cb14eb5de0e46f3bcc4ccd41927bb4a09e2b90741f49a58b7f464db001c14dca [stream]
[debug] [2024-11-14T14:29:26.312Z] >>> [apiv2][query] POST https://upload-firebasehosting.googleapis.com/upload/sites/bodayurliss/versions/bbffefcd3866229e/files/dd0a4bd4a45a18a22f02a9fbbd0b2ce1110b6ef6552eb3fbf86826325402b05d [none]
[debug] [2024-11-14T14:29:26.312Z] >>> [apiv2][body] POST https://upload-firebasehosting.googleapis.com/upload/sites/bodayurliss/versions/bbffefcd3866229e/files/dd0a4bd4a45a18a22f02a9fbbd0b2ce1110b6ef6552eb3fbf86826325402b05d [stream]
[debug] [2024-11-14T14:29:26.313Z] >>> [apiv2][query] POST https://upload-firebasehosting.googleapis.com/upload/sites/bodayurliss/versions/bbffefcd3866229e/files/736494ba509ebe13a13ff57f0d4921ecfd9eb2ac4e8efe5d5fc1704b4b1d9b35 [none]
[debug] [2024-11-14T14:29:26.313Z] >>> [apiv2][body] POST https://upload-firebasehosting.googleapis.com/upload/sites/bodayurliss/versions/bbffefcd3866229e/files/736494ba509ebe13a13ff57f0d4921ecfd9eb2ac4e8efe5d5fc1704b4b1d9b35 [stream]
[debug] [2024-11-14T14:29:26.313Z] >>> [apiv2][query] POST https://upload-firebasehosting.googleapis.com/upload/sites/bodayurliss/versions/bbffefcd3866229e/files/8bdf004ef3b8b5051311fbf68266f92f94d295a4ebc866f4fc9f90c6447d60c7 [none]
[debug] [2024-11-14T14:29:26.313Z] >>> [apiv2][body] POST https://upload-firebasehosting.googleapis.com/upload/sites/bodayurliss/versions/bbffefcd3866229e/files/8bdf004ef3b8b5051311fbf68266f92f94d295a4ebc866f4fc9f90c6447d60c7 [stream]
[debug] [2024-11-14T14:29:26.314Z] >>> [apiv2][query] POST https://upload-firebasehosting.googleapis.com/upload/sites/bodayurliss/versions/bbffefcd3866229e/files/4e9185f13d76ee28a94f3890511b8bdfd92fcec93f459b5f2a6c9c80e1a6e18c [none]
[debug] [2024-11-14T14:29:26.314Z] >>> [apiv2][body] POST https://upload-firebasehosting.googleapis.com/upload/sites/bodayurliss/versions/bbffefcd3866229e/files/4e9185f13d76ee28a94f3890511b8bdfd92fcec93f459b5f2a6c9c80e1a6e18c [stream]
[debug] [2024-11-14T14:29:26.315Z] >>> [apiv2][query] POST https://upload-firebasehosting.googleapis.com/upload/sites/bodayurliss/versions/bbffefcd3866229e/files/e3939d54a68e9c984c612bdd04b66852cc6d6fe04625e337fbbe73bb7f394669 [none]
[debug] [2024-11-14T14:29:26.315Z] >>> [apiv2][body] POST https://upload-firebasehosting.googleapis.com/upload/sites/bodayurliss/versions/bbffefcd3866229e/files/e3939d54a68e9c984c612bdd04b66852cc6d6fe04625e337fbbe73bb7f394669 [stream]
[debug] [2024-11-14T14:29:26.315Z] >>> [apiv2][query] POST https://upload-firebasehosting.googleapis.com/upload/sites/bodayurliss/versions/bbffefcd3866229e/files/34455392d64ee02bab93a527e93435dc28af65c68fc52c2bf2f527bf7cce38a1 [none]
[debug] [2024-11-14T14:29:26.315Z] >>> [apiv2][body] POST https://upload-firebasehosting.googleapis.com/upload/sites/bodayurliss/versions/bbffefcd3866229e/files/34455392d64ee02bab93a527e93435dc28af65c68fc52c2bf2f527bf7cce38a1 [stream]
[debug] [2024-11-14T14:29:26.316Z] >>> [apiv2][query] POST https://upload-firebasehosting.googleapis.com/upload/sites/bodayurliss/versions/bbffefcd3866229e/files/f9a1e31c837103fc342c5d0a7e254aeafa0a07e14fa315c3f0ad43ff5b29e909 [none]
[debug] [2024-11-14T14:29:26.316Z] >>> [apiv2][body] POST https://upload-firebasehosting.googleapis.com/upload/sites/bodayurliss/versions/bbffefcd3866229e/files/f9a1e31c837103fc342c5d0a7e254aeafa0a07e14fa315c3f0ad43ff5b29e909 [stream]
[debug] [2024-11-14T14:29:26.316Z] >>> [apiv2][query] POST https://upload-firebasehosting.googleapis.com/upload/sites/bodayurliss/versions/bbffefcd3866229e/files/fe7b4a58ec480a88c8f81b737e39dcca1f20482e0fee1c58a92a2fe90e0995e3 [none]
[debug] [2024-11-14T14:29:26.316Z] >>> [apiv2][body] POST https://upload-firebasehosting.googleapis.com/upload/sites/bodayurliss/versions/bbffefcd3866229e/files/fe7b4a58ec480a88c8f81b737e39dcca1f20482e0fee1c58a92a2fe90e0995e3 [stream]
[debug] [2024-11-14T14:29:26.317Z] >>> [apiv2][query] POST https://upload-firebasehosting.googleapis.com/upload/sites/bodayurliss/versions/bbffefcd3866229e/files/0074deb851897872a00bee5be95133095388f1e53794fb359025726fbd602dd7 [none]
[debug] [2024-11-14T14:29:26.317Z] >>> [apiv2][body] POST https://upload-firebasehosting.googleapis.com/upload/sites/bodayurliss/versions/bbffefcd3866229e/files/0074deb851897872a00bee5be95133095388f1e53794fb359025726fbd602dd7 [stream]
[debug] [2024-11-14T14:29:26.318Z] >>> [apiv2][query] POST https://upload-firebasehosting.googleapis.com/upload/sites/bodayurliss/versions/bbffefcd3866229e/files/23d875bb98d932b8a5e6b0972104a6d402dff5342a608f92acfff7366e06f2e1 [none]
[debug] [2024-11-14T14:29:26.318Z] >>> [apiv2][body] POST https://upload-firebasehosting.googleapis.com/upload/sites/bodayurliss/versions/bbffefcd3866229e/files/23d875bb98d932b8a5e6b0972104a6d402dff5342a608f92acfff7366e06f2e1 [stream]
[debug] [2024-11-14T14:29:26.318Z] >>> [apiv2][query] POST https://upload-firebasehosting.googleapis.com/upload/sites/bodayurliss/versions/bbffefcd3866229e/files/ad821910e5f093d50a19d8b8171cac716a00bdda5590fb4a2a2715cdfa6f8964 [none]
[debug] [2024-11-14T14:29:26.318Z] >>> [apiv2][body] POST https://upload-firebasehosting.googleapis.com/upload/sites/bodayurliss/versions/bbffefcd3866229e/files/ad821910e5f093d50a19d8b8171cac716a00bdda5590fb4a2a2715cdfa6f8964 [stream]
[debug] [2024-11-14T14:29:26.319Z] >>> [apiv2][query] POST https://upload-firebasehosting.googleapis.com/upload/sites/bodayurliss/versions/bbffefcd3866229e/files/de4606ed0d739dbc4664e4d6cd3fbd3635e3b05d0f93a4173cc1e5fd4959cbf7 [none]
[debug] [2024-11-14T14:29:26.319Z] >>> [apiv2][body] POST https://upload-firebasehosting.googleapis.com/upload/sites/bodayurliss/versions/bbffefcd3866229e/files/de4606ed0d739dbc4664e4d6cd3fbd3635e3b05d0f93a4173cc1e5fd4959cbf7 [stream]
[debug] [2024-11-14T14:29:26.320Z] >>> [apiv2][query] POST https://upload-firebasehosting.googleapis.com/upload/sites/bodayurliss/versions/bbffefcd3866229e/files/bba0cd5c7a8e17104ee022258695262043f3dd2fffe939019de6503721e2dcdf [none]
[debug] [2024-11-14T14:29:26.320Z] >>> [apiv2][body] POST https://upload-firebasehosting.googleapis.com/upload/sites/bodayurliss/versions/bbffefcd3866229e/files/bba0cd5c7a8e17104ee022258695262043f3dd2fffe939019de6503721e2dcdf [stream]
[debug] [2024-11-14T14:29:26.320Z] >>> [apiv2][query] POST https://upload-firebasehosting.googleapis.com/upload/sites/bodayurliss/versions/bbffefcd3866229e/files/8919fbb7195b413b2fa9c781f9864d5f44b389d533b67d0d3bbf6b2d47461565 [none]
[debug] [2024-11-14T14:29:26.320Z] >>> [apiv2][body] POST https://upload-firebasehosting.googleapis.com/upload/sites/bodayurliss/versions/bbffefcd3866229e/files/8919fbb7195b413b2fa9c781f9864d5f44b389d533b67d0d3bbf6b2d47461565 [stream]
[debug] [2024-11-14T14:29:26.321Z] >>> [apiv2][query] POST https://upload-firebasehosting.googleapis.com/upload/sites/bodayurliss/versions/bbffefcd3866229e/files/1ecbb1f6821340fcec765830bec1093551e4e653395d147e58793fc3cf258907 [none]
[debug] [2024-11-14T14:29:26.321Z] >>> [apiv2][body] POST https://upload-firebasehosting.googleapis.com/upload/sites/bodayurliss/versions/bbffefcd3866229e/files/1ecbb1f6821340fcec765830bec1093551e4e653395d147e58793fc3cf258907 [stream]
[debug] [2024-11-14T14:29:26.322Z] [hosting][populate queue][FINAL] {"max":417,"min":417,"avg":417,"active":0,"complete":1,"success":1,"errored":0,"retried":0,"total":1,"elapsed":435}
[debug] [2024-11-14T14:29:26.322Z] [hosting] uploads queued: 24
[debug] [2024-11-14T14:29:27.088Z] <<< [apiv2][status] POST https://upload-firebasehosting.googleapis.com/upload/sites/bodayurliss/versions/bbffefcd3866229e/files/e3939d54a68e9c984c612bdd04b66852cc6d6fe04625e337fbbe73bb7f394669 200
[debug] [2024-11-14T14:29:27.088Z] <<< [apiv2][body] POST https://upload-firebasehosting.googleapis.com/upload/sites/bodayurliss/versions/bbffefcd3866229e/files/e3939d54a68e9c984c612bdd04b66852cc6d6fe04625e337fbbe73bb7f394669 [stream]
[debug] [2024-11-14T14:29:27.098Z] <<< [apiv2][status] POST https://upload-firebasehosting.googleapis.com/upload/sites/bodayurliss/versions/bbffefcd3866229e/files/cb14eb5de0e46f3bcc4ccd41927bb4a09e2b90741f49a58b7f464db001c14dca 200
[debug] [2024-11-14T14:29:27.099Z] <<< [apiv2][body] POST https://upload-firebasehosting.googleapis.com/upload/sites/bodayurliss/versions/bbffefcd3866229e/files/cb14eb5de0e46f3bcc4ccd41927bb4a09e2b90741f49a58b7f464db001c14dca [stream]
[debug] [2024-11-14T14:29:27.133Z] <<< [apiv2][status] POST https://upload-firebasehosting.googleapis.com/upload/sites/bodayurliss/versions/bbffefcd3866229e/files/8d876a89fac3b82df0df1b6ad49e1dbfb2e9fc6047f8a0dc1391ce5522813f47 200
[debug] [2024-11-14T14:29:27.133Z] <<< [apiv2][body] POST https://upload-firebasehosting.googleapis.com/upload/sites/bodayurliss/versions/bbffefcd3866229e/files/8d876a89fac3b82df0df1b6ad49e1dbfb2e9fc6047f8a0dc1391ce5522813f47 [stream]
[debug] [2024-11-14T14:29:27.133Z] <<< [apiv2][status] POST https://upload-firebasehosting.googleapis.com/upload/sites/bodayurliss/versions/bbffefcd3866229e/files/34455392d64ee02bab93a527e93435dc28af65c68fc52c2bf2f527bf7cce38a1 200
[debug] [2024-11-14T14:29:27.133Z] <<< [apiv2][body] POST https://upload-firebasehosting.googleapis.com/upload/sites/bodayurliss/versions/bbffefcd3866229e/files/34455392d64ee02bab93a527e93435dc28af65c68fc52c2bf2f527bf7cce38a1 [stream]
[debug] [2024-11-14T14:29:27.138Z] <<< [apiv2][status] POST https://upload-firebasehosting.googleapis.com/upload/sites/bodayurliss/versions/bbffefcd3866229e/files/736494ba509ebe13a13ff57f0d4921ecfd9eb2ac4e8efe5d5fc1704b4b1d9b35 200
[debug] [2024-11-14T14:29:27.138Z] <<< [apiv2][body] POST https://upload-firebasehosting.googleapis.com/upload/sites/bodayurliss/versions/bbffefcd3866229e/files/736494ba509ebe13a13ff57f0d4921ecfd9eb2ac4e8efe5d5fc1704b4b1d9b35 [stream]
[debug] [2024-11-14T14:29:27.252Z] <<< [apiv2][status] POST https://upload-firebasehosting.googleapis.com/upload/sites/bodayurliss/versions/bbffefcd3866229e/files/f0d815b96664383c769c4f914e4bf1e3e47ca2359273487604de17fd4710361e 200
[debug] [2024-11-14T14:29:27.252Z] <<< [apiv2][body] POST https://upload-firebasehosting.googleapis.com/upload/sites/bodayurliss/versions/bbffefcd3866229e/files/f0d815b96664383c769c4f914e4bf1e3e47ca2359273487604de17fd4710361e [stream]
[debug] [2024-11-14T14:29:27.272Z] <<< [apiv2][status] POST https://upload-firebasehosting.googleapis.com/upload/sites/bodayurliss/versions/bbffefcd3866229e/files/3cbc705c85c7215b3d856529c8d97f24fd94814454984330061faa06a61b616d 200
[debug] [2024-11-14T14:29:27.272Z] <<< [apiv2][body] POST https://upload-firebasehosting.googleapis.com/upload/sites/bodayurliss/versions/bbffefcd3866229e/files/3cbc705c85c7215b3d856529c8d97f24fd94814454984330061faa06a61b616d [stream]
[debug] [2024-11-14T14:29:27.298Z] <<< [apiv2][status] POST https://upload-firebasehosting.googleapis.com/upload/sites/bodayurliss/versions/bbffefcd3866229e/files/80c5495f5e9d54f1a26249b69e082eae6af3df152bc898186c34c3cf059e2587 200
[debug] [2024-11-14T14:29:27.298Z] <<< [apiv2][body] POST https://upload-firebasehosting.googleapis.com/upload/sites/bodayurliss/versions/bbffefcd3866229e/files/80c5495f5e9d54f1a26249b69e082eae6af3df152bc898186c34c3cf059e2587 [stream]
[debug] [2024-11-14T14:29:27.335Z] <<< [apiv2][status] POST https://upload-firebasehosting.googleapis.com/upload/sites/bodayurliss/versions/bbffefcd3866229e/files/f2e78cd4b2031bd34bf0ac8fab05d44e93387330e77b42f04e0aeaa0e28b5626 200
[debug] [2024-11-14T14:29:27.335Z] <<< [apiv2][body] POST https://upload-firebasehosting.googleapis.com/upload/sites/bodayurliss/versions/bbffefcd3866229e/files/f2e78cd4b2031bd34bf0ac8fab05d44e93387330e77b42f04e0aeaa0e28b5626 [stream]
[debug] [2024-11-14T14:29:27.341Z] <<< [apiv2][status] POST https://upload-firebasehosting.googleapis.com/upload/sites/bodayurliss/versions/bbffefcd3866229e/files/76d824cb4ba2d0497a5f1d15cda2c9f94f02af94418dd9737d792b8b57c3b52a 200
[debug] [2024-11-14T14:29:27.341Z] <<< [apiv2][body] POST https://upload-firebasehosting.googleapis.com/upload/sites/bodayurliss/versions/bbffefcd3866229e/files/76d824cb4ba2d0497a5f1d15cda2c9f94f02af94418dd9737d792b8b57c3b52a [stream]
[debug] [2024-11-14T14:29:27.361Z] <<< [apiv2][status] POST https://upload-firebasehosting.googleapis.com/upload/sites/bodayurliss/versions/bbffefcd3866229e/files/ad821910e5f093d50a19d8b8171cac716a00bdda5590fb4a2a2715cdfa6f8964 200
[debug] [2024-11-14T14:29:27.362Z] <<< [apiv2][body] POST https://upload-firebasehosting.googleapis.com/upload/sites/bodayurliss/versions/bbffefcd3866229e/files/ad821910e5f093d50a19d8b8171cac716a00bdda5590fb4a2a2715cdfa6f8964 [stream]
[debug] [2024-11-14T14:29:27.407Z] <<< [apiv2][status] POST https://upload-firebasehosting.googleapis.com/upload/sites/bodayurliss/versions/bbffefcd3866229e/files/0686b41e9e8be4fe4ea4d9cf0b56df05ac66ea43052ec24179aa826a80d2abee 200
[debug] [2024-11-14T14:29:27.407Z] <<< [apiv2][body] POST https://upload-firebasehosting.googleapis.com/upload/sites/bodayurliss/versions/bbffefcd3866229e/files/0686b41e9e8be4fe4ea4d9cf0b56df05ac66ea43052ec24179aa826a80d2abee [stream]
[debug] [2024-11-14T14:29:27.449Z] <<< [apiv2][status] POST https://upload-firebasehosting.googleapis.com/upload/sites/bodayurliss/versions/bbffefcd3866229e/files/0074deb851897872a00bee5be95133095388f1e53794fb359025726fbd602dd7 200
[debug] [2024-11-14T14:29:27.449Z] <<< [apiv2][body] POST https://upload-firebasehosting.googleapis.com/upload/sites/bodayurliss/versions/bbffefcd3866229e/files/0074deb851897872a00bee5be95133095388f1e53794fb359025726fbd602dd7 [stream]
[debug] [2024-11-14T14:29:27.536Z] <<< [apiv2][status] POST https://upload-firebasehosting.googleapis.com/upload/sites/bodayurliss/versions/bbffefcd3866229e/files/23d875bb98d932b8a5e6b0972104a6d402dff5342a608f92acfff7366e06f2e1 200
[debug] [2024-11-14T14:29:27.536Z] <<< [apiv2][body] POST https://upload-firebasehosting.googleapis.com/upload/sites/bodayurliss/versions/bbffefcd3866229e/files/23d875bb98d932b8a5e6b0972104a6d402dff5342a608f92acfff7366e06f2e1 [stream]
[debug] [2024-11-14T14:29:27.649Z] <<< [apiv2][status] POST https://upload-firebasehosting.googleapis.com/upload/sites/bodayurliss/versions/bbffefcd3866229e/files/f9a1e31c837103fc342c5d0a7e254aeafa0a07e14fa315c3f0ad43ff5b29e909 200
[debug] [2024-11-14T14:29:27.650Z] <<< [apiv2][body] POST https://upload-firebasehosting.googleapis.com/upload/sites/bodayurliss/versions/bbffefcd3866229e/files/f9a1e31c837103fc342c5d0a7e254aeafa0a07e14fa315c3f0ad43ff5b29e909 [stream]
[debug] [2024-11-14T14:29:27.678Z] <<< [apiv2][status] POST https://upload-firebasehosting.googleapis.com/upload/sites/bodayurliss/versions/bbffefcd3866229e/files/879cf866c96ed8051a14c648591e2fc62317af233f7aed26a8414d59b7592fbf 200
[debug] [2024-11-14T14:29:27.678Z] <<< [apiv2][body] POST https://upload-firebasehosting.googleapis.com/upload/sites/bodayurliss/versions/bbffefcd3866229e/files/879cf866c96ed8051a14c648591e2fc62317af233f7aed26a8414d59b7592fbf [stream]
[debug] [2024-11-14T14:29:27.718Z] <<< [apiv2][status] POST https://upload-firebasehosting.googleapis.com/upload/sites/bodayurliss/versions/bbffefcd3866229e/files/1ecbb1f6821340fcec765830bec1093551e4e653395d147e58793fc3cf258907 200
[debug] [2024-11-14T14:29:27.718Z] <<< [apiv2][body] POST https://upload-firebasehosting.googleapis.com/upload/sites/bodayurliss/versions/bbffefcd3866229e/files/1ecbb1f6821340fcec765830bec1093551e4e653395d147e58793fc3cf258907 [stream]
[debug] [2024-11-14T14:29:27.825Z] <<< [apiv2][status] POST https://upload-firebasehosting.googleapis.com/upload/sites/bodayurliss/versions/bbffefcd3866229e/files/dd0a4bd4a45a18a22f02a9fbbd0b2ce1110b6ef6552eb3fbf86826325402b05d 200
[debug] [2024-11-14T14:29:27.825Z] <<< [apiv2][body] POST https://upload-firebasehosting.googleapis.com/upload/sites/bodayurliss/versions/bbffefcd3866229e/files/dd0a4bd4a45a18a22f02a9fbbd0b2ce1110b6ef6552eb3fbf86826325402b05d [stream]
[debug] [2024-11-14T14:29:27.852Z] <<< [apiv2][status] POST https://upload-firebasehosting.googleapis.com/upload/sites/bodayurliss/versions/bbffefcd3866229e/files/4e9185f13d76ee28a94f3890511b8bdfd92fcec93f459b5f2a6c9c80e1a6e18c 200
[debug] [2024-11-14T14:29:27.852Z] <<< [apiv2][body] POST https://upload-firebasehosting.googleapis.com/upload/sites/bodayurliss/versions/bbffefcd3866229e/files/4e9185f13d76ee28a94f3890511b8bdfd92fcec93f459b5f2a6c9c80e1a6e18c [stream]
[debug] [2024-11-14T14:29:27.855Z] <<< [apiv2][status] POST https://upload-firebasehosting.googleapis.com/upload/sites/bodayurliss/versions/bbffefcd3866229e/files/8bdf004ef3b8b5051311fbf68266f92f94d295a4ebc866f4fc9f90c6447d60c7 200
[debug] [2024-11-14T14:29:27.855Z] <<< [apiv2][body] POST https://upload-firebasehosting.googleapis.com/upload/sites/bodayurliss/versions/bbffefcd3866229e/files/8bdf004ef3b8b5051311fbf68266f92f94d295a4ebc866f4fc9f90c6447d60c7 [stream]
[debug] [2024-11-14T14:29:27.970Z] <<< [apiv2][status] POST https://upload-firebasehosting.googleapis.com/upload/sites/bodayurliss/versions/bbffefcd3866229e/files/fe7b4a58ec480a88c8f81b737e39dcca1f20482e0fee1c58a92a2fe90e0995e3 200
[debug] [2024-11-14T14:29:27.970Z] <<< [apiv2][body] POST https://upload-firebasehosting.googleapis.com/upload/sites/bodayurliss/versions/bbffefcd3866229e/files/fe7b4a58ec480a88c8f81b737e39dcca1f20482e0fee1c58a92a2fe90e0995e3 [stream]
[debug] [2024-11-14T14:29:28.220Z] <<< [apiv2][status] POST https://upload-firebasehosting.googleapis.com/upload/sites/bodayurliss/versions/bbffefcd3866229e/files/8919fbb7195b413b2fa9c781f9864d5f44b389d533b67d0d3bbf6b2d47461565 200
[debug] [2024-11-14T14:29:28.221Z] <<< [apiv2][body] POST https://upload-firebasehosting.googleapis.com/upload/sites/bodayurliss/versions/bbffefcd3866229e/files/8919fbb7195b413b2fa9c781f9864d5f44b389d533b67d0d3bbf6b2d47461565 [stream]
[debug] [2024-11-14T14:29:28.468Z] <<< [apiv2][status] POST https://upload-firebasehosting.googleapis.com/upload/sites/bodayurliss/versions/bbffefcd3866229e/files/bba0cd5c7a8e17104ee022258695262043f3dd2fffe939019de6503721e2dcdf 200
[debug] [2024-11-14T14:29:28.468Z] <<< [apiv2][body] POST https://upload-firebasehosting.googleapis.com/upload/sites/bodayurliss/versions/bbffefcd3866229e/files/bba0cd5c7a8e17104ee022258695262043f3dd2fffe939019de6503721e2dcdf [stream]
